<?xml version="1.0" encoding="UTF-8"?>
<coverage generated="1581267269197" clover="3.2.0">
  <project timestamp="1581267269197" name="All files">
    <metrics statements="89" coveredstatements="89" conditionals="27" coveredconditionals="24" methods="29" coveredmethods="29" elements="145" coveredelements="142" complexity="0" loc="89" ncloc="89" packages="2" files="7" classes="7"/>
    <package name="src">
      <metrics statements="48" coveredstatements="48" conditionals="16" coveredconditionals="14" methods="15" coveredmethods="15"/>
      <file name="index.js" path="/mnt/c/Users/Montoya/Desktop/frontend-project-lvl2/src/index.js">
        <metrics statements="35" coveredstatements="35" conditionals="13" coveredconditionals="13" methods="12" coveredmethods="12"/>
        <line num="6" count="1" type="stmt"/>
        <line num="7" count="33" type="stmt"/>
        <line num="8" count="33" type="stmt"/>
        <line num="9" count="33" type="stmt"/>
        <line num="10" count="33" type="stmt"/>
        <line num="11" count="33" type="stmt"/>
        <line num="13" count="33" type="stmt"/>
        <line num="14" count="138" type="cond" truecount="2" falsecount="0"/>
        <line num="15" count="138" type="cond" truecount="2" falsecount="0"/>
        <line num="16" count="138" type="stmt"/>
        <line num="17" count="138" type="stmt"/>
        <line num="18" count="138" type="cond" truecount="4" falsecount="0"/>
        <line num="20" count="138" type="stmt"/>
        <line num="23" count="138" type="stmt"/>
        <line num="27" count="120" type="stmt"/>
        <line num="31" count="78" type="cond" truecount="2" falsecount="0"/>
        <line num="35" count="54" type="cond" truecount="2" falsecount="0"/>
        <line num="39" count="42" type="stmt"/>
        <line num="43" count="15" type="stmt"/>
        <line num="47" count="138" type="stmt"/>
        <line num="48" count="447" type="stmt"/>
        <line num="49" count="138" type="stmt"/>
        <line num="52" count="138" type="stmt"/>
        <line num="54" count="138" type="stmt"/>
        <line num="61" count="138" type="stmt"/>
        <line num="64" count="33" type="stmt"/>
        <line num="67" count="1" type="stmt"/>
        <line num="68" count="18" type="stmt"/>
        <line num="69" count="18" type="stmt"/>
        <line num="72" count="1" type="cond" truecount="1" falsecount="0"/>
        <line num="73" count="9" type="stmt"/>
        <line num="74" count="9" type="stmt"/>
        <line num="75" count="9" type="stmt"/>
        <line num="76" count="9" type="stmt"/>
        <line num="77" count="9" type="stmt"/>
      </file>
      <file name="parsers.js" path="/mnt/c/Users/Montoya/Desktop/frontend-project-lvl2/src/parsers.js">
        <metrics statements="5" coveredstatements="5" conditionals="2" coveredconditionals="1" methods="1" coveredmethods="1"/>
        <line num="5" count="1" type="stmt"/>
        <line num="11" count="1" type="stmt"/>
        <line num="12" count="18" type="stmt"/>
        <line num="13" count="18" type="stmt"/>
        <line num="14" count="18" type="cond" truecount="1" falsecount="1"/>
      </file>
      <file name="utils.js" path="/mnt/c/Users/Montoya/Desktop/frontend-project-lvl2/src/utils.js">
        <metrics statements="8" coveredstatements="8" conditionals="1" coveredconditionals="0" methods="2" coveredmethods="2"/>
        <line num="1" count="1" type="cond" truecount="0" falsecount="1"/>
        <line num="2" count="28" type="stmt"/>
        <line num="3" count="28" type="stmt"/>
        <line num="4" count="28" type="stmt"/>
        <line num="5" count="66" type="stmt"/>
        <line num="6" count="66" type="stmt"/>
        <line num="8" count="28" type="stmt"/>
        <line num="9" count="28" type="stmt"/>
      </file>
    </package>
    <package name="src.formatters">
      <metrics statements="41" coveredstatements="41" conditionals="11" coveredconditionals="10" methods="14" coveredmethods="14"/>
      <file name="branch.js" path="/mnt/c/Users/Montoya/Desktop/frontend-project-lvl2/src/formatters/branch.js">
        <metrics statements="16" coveredstatements="16" conditionals="6" coveredconditionals="6" methods="2" coveredmethods="2"/>
        <line num="3" count="1" type="cond" truecount="2" falsecount="0"/>
        <line num="4" count="49" type="stmt"/>
        <line num="5" count="49" type="stmt"/>
        <line num="6" count="46" type="cond" truecount="2" falsecount="0"/>
        <line num="8" count="46" type="cond" truecount="2" falsecount="0"/>
        <line num="10" count="46" type="stmt"/>
        <line num="11" count="46" type="stmt"/>
        <line num="12" count="46" type="stmt"/>
        <line num="13" count="46" type="stmt"/>
        <line num="14" count="46" type="stmt"/>
        <line num="15" count="46" type="stmt"/>
        <line num="23" count="46" type="stmt"/>
        <line num="31" count="46" type="stmt"/>
        <line num="32" count="46" type="stmt"/>
        <line num="33" count="46" type="stmt"/>
        <line num="35" count="49" type="stmt"/>
      </file>
      <file name="index.js" path="/mnt/c/Users/Montoya/Desktop/frontend-project-lvl2/src/formatters/index.js">
        <metrics statements="2" coveredstatements="2" conditionals="2" coveredconditionals="1" methods="1" coveredmethods="1"/>
        <line num="5" count="1" type="stmt"/>
        <line num="11" count="9" type="cond" truecount="1" falsecount="1"/>
      </file>
      <file name="json.js" path="/mnt/c/Users/Montoya/Desktop/frontend-project-lvl2/src/formatters/json.js">
        <metrics statements="1" coveredstatements="1" conditionals="0" coveredconditionals="0" methods="1" coveredmethods="1"/>
        <line num="1" count="3" type="stmt"/>
      </file>
      <file name="plain.js" path="/mnt/c/Users/Montoya/Desktop/frontend-project-lvl2/src/formatters/plain.js">
        <metrics statements="22" coveredstatements="22" conditionals="3" coveredconditionals="3" methods="10" coveredmethods="10"/>
        <line num="1" count="1" type="cond" truecount="1" falsecount="0"/>
        <line num="2" count="49" type="stmt"/>
        <line num="3" count="46" type="cond" truecount="2" falsecount="0"/>
        <line num="5" count="46" type="stmt"/>
        <line num="7" count="28" type="stmt"/>
        <line num="8" count="92" type="stmt"/>
        <line num="11" count="56" type="stmt"/>
        <line num="12" count="64" type="stmt"/>
        <line num="15" count="8" type="stmt"/>
        <line num="16" count="8" type="stmt"/>
        <line num="20" count="46" type="stmt"/>
        <line num="21" count="164" type="stmt"/>
        <line num="22" count="92" type="stmt"/>
        <line num="25" count="46" type="stmt"/>
        <line num="26" count="46" type="stmt"/>
        <line num="28" count="46" type="stmt"/>
        <line num="29" count="46" type="stmt"/>
        <line num="30" count="46" type="stmt"/>
        <line num="32" count="46" type="stmt"/>
        <line num="41" count="46" type="stmt"/>
        <line num="43" count="49" type="stmt"/>
        <line num="44" count="49" type="stmt"/>
      </file>
    </package>
  </project>
</coverage>
