{"/mnt/c/Users/Montoya/Desktop/frontend-project-lvl2/src/index.js": {"path":"/mnt/c/Users/Montoya/Desktop/frontend-project-lvl2/src/index.js","statementMap":{"0":{"start":{"line":6,"column":14},"end":{"line":65,"column":1}},"1":{"start":{"line":7,"column":18},"end":{"line":7,"column":40}},"2":{"start":{"line":8,"column":18},"end":{"line":8,"column":41}},"3":{"start":{"line":9,"column":15},"end":{"line":9,"column":39}},"4":{"start":{"line":10,"column":19},"end":{"line":10,"column":31}},"5":{"start":{"line":11,"column":14},"end":{"line":11,"column":16}},"6":{"start":{"line":13,"column":23},"end":{"line":62,"column":3}},"7":{"start":{"line":14,"column":24},"end":{"line":14,"column":67}},"8":{"start":{"line":15,"column":23},"end":{"line":15,"column":67}},"9":{"start":{"line":16,"column":24},"end":{"line":16,"column":53}},"10":{"start":{"line":17,"column":23},"end":{"line":17,"column":51}},"11":{"start":{"line":18,"column":21},"end":{"line":18,"column":84}},"12":{"start":{"line":20,"column":19},"end":{"line":45,"column":5}},"13":{"start":{"line":23,"column":21},"end":{"line":23,"column":43}},"14":{"start":{"line":27,"column":21},"end":{"line":27,"column":43}},"15":{"start":{"line":31,"column":21},"end":{"line":31,"column":46}},"16":{"start":{"line":35,"column":21},"end":{"line":35,"column":46}},"17":{"start":{"line":39,"column":21},"end":{"line":39,"column":47}},"18":{"start":{"line":43,"column":21},"end":{"line":43,"column":25}},"19":{"start":{"line":47,"column":21},"end":{"line":50,"column":5}},"20":{"start":{"line":48,"column":21},"end":{"line":48,"column":56}},"21":{"start":{"line":48,"column":48},"end":{"line":48,"column":55}},"22":{"start":{"line":49,"column":6},"end":{"line":49,"column":26}},"23":{"start":{"line":52,"column":25},"end":{"line":52,"column":35}},"24":{"start":{"line":54,"column":17},"end":{"line":60,"column":5}},"25":{"start":{"line":61,"column":4},"end":{"line":61,"column":33}},"26":{"start":{"line":64,"column":2},"end":{"line":64,"column":44}},"27":{"start":{"line":67,"column":18},"end":{"line":70,"column":1}},"28":{"start":{"line":68,"column":20},"end":{"line":68,"column":47}},"29":{"start":{"line":69,"column":2},"end":{"line":69,"column":57}},"30":{"start":{"line":72,"column":16},"end":{"line":78,"column":1}},"31":{"start":{"line":73,"column":20},"end":{"line":73,"column":38}},"32":{"start":{"line":74,"column":21},"end":{"line":74,"column":39}},"33":{"start":{"line":75,"column":14},"end":{"line":75,"column":42}},"34":{"start":{"line":76,"column":21},"end":{"line":76,"column":49}},"35":{"start":{"line":77,"column":2},"end":{"line":77,"column":25}}},"fnMap":{"0":{"name":"(anonymous_0)","decl":{"start":{"line":6,"column":14},"end":{"line":6,"column":15}},"loc":{"start":{"line":6,"column":41},"end":{"line":65,"column":1}},"line":6},"1":{"name":"(anonymous_1)","decl":{"start":{"line":13,"column":23},"end":{"line":13,"column":24}},"loc":{"start":{"line":13,"column":37},"end":{"line":62,"column":3}},"line":13},"2":{"name":"(anonymous_2)","decl":{"start":{"line":23,"column":15},"end":{"line":23,"column":16}},"loc":{"start":{"line":23,"column":21},"end":{"line":23,"column":43}},"line":23},"3":{"name":"(anonymous_3)","decl":{"start":{"line":27,"column":15},"end":{"line":27,"column":16}},"loc":{"start":{"line":27,"column":21},"end":{"line":27,"column":43}},"line":27},"4":{"name":"(anonymous_4)","decl":{"start":{"line":31,"column":15},"end":{"line":31,"column":16}},"loc":{"start":{"line":31,"column":21},"end":{"line":31,"column":46}},"line":31},"5":{"name":"(anonymous_5)","decl":{"start":{"line":35,"column":15},"end":{"line":35,"column":16}},"loc":{"start":{"line":35,"column":21},"end":{"line":35,"column":46}},"line":35},"6":{"name":"(anonymous_6)","decl":{"start":{"line":39,"column":15},"end":{"line":39,"column":16}},"loc":{"start":{"line":39,"column":21},"end":{"line":39,"column":47}},"line":39},"7":{"name":"(anonymous_7)","decl":{"start":{"line":43,"column":15},"end":{"line":43,"column":16}},"loc":{"start":{"line":43,"column":21},"end":{"line":43,"column":25}},"line":43},"8":{"name":"(anonymous_8)","decl":{"start":{"line":47,"column":21},"end":{"line":47,"column":22}},"loc":{"start":{"line":47,"column":27},"end":{"line":50,"column":5}},"line":47},"9":{"name":"(anonymous_9)","decl":{"start":{"line":48,"column":33},"end":{"line":48,"column":34}},"loc":{"start":{"line":48,"column":48},"end":{"line":48,"column":55}},"line":48},"10":{"name":"(anonymous_10)","decl":{"start":{"line":67,"column":18},"end":{"line":67,"column":19}},"loc":{"start":{"line":67,"column":34},"end":{"line":70,"column":1}},"line":67},"11":{"name":"(anonymous_11)","decl":{"start":{"line":72,"column":16},"end":{"line":72,"column":17}},"loc":{"start":{"line":72,"column":61},"end":{"line":78,"column":1}},"line":72}},"branchMap":{"0":{"loc":{"start":{"line":14,"column":24},"end":{"line":14,"column":67}},"type":"cond-expr","locations":[{"start":{"line":14,"column":48},"end":{"line":14,"column":62}},{"start":{"line":14,"column":65},"end":{"line":14,"column":67}}],"line":14},"1":{"loc":{"start":{"line":15,"column":23},"end":{"line":15,"column":67}},"type":"cond-expr","locations":[{"start":{"line":15,"column":47},"end":{"line":15,"column":62}},{"start":{"line":15,"column":65},"end":{"line":15,"column":67}}],"line":15},"2":{"loc":{"start":{"line":18,"column":21},"end":{"line":18,"column":84}},"type":"cond-expr","locations":[{"start":{"line":18,"column":49},"end":{"line":18,"column":79}},{"start":{"line":18,"column":82},"end":{"line":18,"column":84}}],"line":18},"3":{"loc":{"start":{"line":18,"column":21},"end":{"line":18,"column":46}},"type":"binary-expr","locations":[{"start":{"line":18,"column":21},"end":{"line":18,"column":32}},{"start":{"line":18,"column":36},"end":{"line":18,"column":46}}],"line":18},"4":{"loc":{"start":{"line":31,"column":21},"end":{"line":31,"column":46}},"type":"binary-expr","locations":[{"start":{"line":31,"column":21},"end":{"line":31,"column":32}},{"start":{"line":31,"column":36},"end":{"line":31,"column":46}}],"line":31},"5":{"loc":{"start":{"line":35,"column":21},"end":{"line":35,"column":46}},"type":"binary-expr","locations":[{"start":{"line":35,"column":21},"end":{"line":35,"column":32}},{"start":{"line":35,"column":36},"end":{"line":35,"column":46}}],"line":35},"6":{"loc":{"start":{"line":72,"column":35},"end":{"line":72,"column":56}},"type":"default-arg","locations":[{"start":{"line":72,"column":48},"end":{"line":72,"column":56}}],"line":72}},"s":{"0":1,"1":33,"2":33,"3":33,"4":33,"5":33,"6":33,"7":138,"8":138,"9":138,"10":138,"11":138,"12":138,"13":138,"14":120,"15":78,"16":54,"17":42,"18":15,"19":138,"20":138,"21":447,"22":138,"23":138,"24":138,"25":138,"26":33,"27":1,"28":18,"29":18,"30":1,"31":9,"32":9,"33":9,"34":9,"35":9},"f":{"0":33,"1":138,"2":138,"3":120,"4":78,"5":54,"6":42,"7":15,"8":138,"9":447,"10":18,"11":9},"b":{"0":[96,42],"1":[120,18],"2":[24,114],"3":[138,39],"4":[78,30],"5":[54,48],"6":[3]},"_coverageSchema":"1a1c01bbd47fc00a2c39e90264f33305004495a9","hash":"8d9abdbc04acf1cd60654b932a2f20962890637f"}
,"/mnt/c/Users/Montoya/Desktop/frontend-project-lvl2/src/parsers.js": {"path":"/mnt/c/Users/Montoya/Desktop/frontend-project-lvl2/src/parsers.js","statementMap":{"0":{"start":{"line":5,"column":16},"end":{"line":9,"column":1}},"1":{"start":{"line":11,"column":24},"end":{"line":15,"column":1}},"2":{"start":{"line":12,"column":18},"end":{"line":12,"column":42}},"3":{"start":{"line":13,"column":15},"end":{"line":13,"column":31}},"4":{"start":{"line":14,"column":2},"end":{"line":14,"column":22}}},"fnMap":{"0":{"name":"(anonymous_0)","decl":{"start":{"line":11,"column":24},"end":{"line":11,"column":25}},"loc":{"start":{"line":11,"column":40},"end":{"line":15,"column":1}},"line":11}},"branchMap":{"0":{"loc":{"start":{"line":14,"column":9},"end":{"line":14,"column":21}},"type":"binary-expr","locations":[{"start":{"line":14,"column":9},"end":{"line":14,"column":13}},{"start":{"line":14,"column":17},"end":{"line":14,"column":21}}],"line":14}},"s":{"0":1,"1":1,"2":18,"3":18,"4":18},"f":{"0":18},"b":{"0":[18,0]},"_coverageSchema":"1a1c01bbd47fc00a2c39e90264f33305004495a9","hash":"04364f878095bfab88c3690173976217e08809a9"}
,"/mnt/c/Users/Montoya/Desktop/frontend-project-lvl2/src/utils.js": {"path":"/mnt/c/Users/Montoya/Desktop/frontend-project-lvl2/src/utils.js","statementMap":{"0":{"start":{"line":1,"column":21},"end":{"line":10,"column":1}},"1":{"start":{"line":2,"column":20},"end":{"line":2,"column":33}},"2":{"start":{"line":3,"column":15},"end":{"line":3,"column":34}},"3":{"start":{"line":4,"column":18},"end":{"line":7,"column":3}},"4":{"start":{"line":5,"column":19},"end":{"line":5,"column":61}},"5":{"start":{"line":6,"column":4},"end":{"line":6,"column":31}},"6":{"start":{"line":8,"column":14},"end":{"line":8,"column":43}},"7":{"start":{"line":9,"column":2},"end":{"line":9,"column":31}}},"fnMap":{"0":{"name":"(anonymous_0)","decl":{"start":{"line":1,"column":21},"end":{"line":1,"column":22}},"loc":{"start":{"line":1,"column":46},"end":{"line":10,"column":1}},"line":1},"1":{"name":"(anonymous_1)","decl":{"start":{"line":4,"column":18},"end":{"line":4,"column":19}},"loc":{"start":{"line":4,"column":32},"end":{"line":7,"column":3}},"line":4}},"branchMap":{"0":{"loc":{"start":{"line":1,"column":30},"end":{"line":1,"column":41}},"type":"default-arg","locations":[{"start":{"line":1,"column":39},"end":{"line":1,"column":41}}],"line":1}},"s":{"0":1,"1":28,"2":28,"3":28,"4":66,"5":66,"6":28,"7":28},"f":{"0":28,"1":66},"b":{"0":[0]},"_coverageSchema":"1a1c01bbd47fc00a2c39e90264f33305004495a9","hash":"83858b6db72d2bafe5543ad99647003cdb93fbf1"}
,"/mnt/c/Users/Montoya/Desktop/frontend-project-lvl2/src/formatters/branch.js": {"path":"/mnt/c/Users/Montoya/Desktop/frontend-project-lvl2/src/formatters/branch.js","statementMap":{"0":{"start":{"line":3,"column":15},"end":{"line":36,"column":1}},"1":{"start":{"line":4,"column":20},"end":{"line":4,"column":33}},"2":{"start":{"line":5,"column":18},"end":{"line":34,"column":3}},"3":{"start":{"line":6,"column":19},"end":{"line":7,"column":68}},"4":{"start":{"line":8,"column":18},"end":{"line":9,"column":66}},"5":{"start":{"line":10,"column":18},"end":{"line":10,"column":35}},"6":{"start":{"line":11,"column":20},"end":{"line":11,"column":62}},"7":{"start":{"line":12,"column":21},"end":{"line":12,"column":64}},"8":{"start":{"line":13,"column":25},"end":{"line":13,"column":68}},"9":{"start":{"line":14,"column":17},"end":{"line":14,"column":33}},"10":{"start":{"line":15,"column":22},"end":{"line":22,"column":5}},"11":{"start":{"line":23,"column":22},"end":{"line":30,"column":5}},"12":{"start":{"line":31,"column":19},"end":{"line":31,"column":35}},"13":{"start":{"line":32,"column":19},"end":{"line":32,"column":35}},"14":{"start":{"line":33,"column":4},"end":{"line":33,"column":38}},"15":{"start":{"line":35,"column":2},"end":{"line":35,"column":54}}},"fnMap":{"0":{"name":"(anonymous_0)","decl":{"start":{"line":3,"column":15},"end":{"line":3,"column":16}},"loc":{"start":{"line":3,"column":51},"end":{"line":36,"column":1}},"line":3},"1":{"name":"(anonymous_1)","decl":{"start":{"line":5,"column":18},"end":{"line":5,"column":19}},"loc":{"start":{"line":5,"column":33},"end":{"line":34,"column":3}},"line":5}},"branchMap":{"0":{"loc":{"start":{"line":3,"column":21},"end":{"line":3,"column":32}},"type":"default-arg","locations":[{"start":{"line":3,"column":30},"end":{"line":3,"column":32}}],"line":3},"1":{"loc":{"start":{"line":3,"column":34},"end":{"line":3,"column":46}},"type":"default-arg","locations":[{"start":{"line":3,"column":44},"end":{"line":3,"column":46}}],"line":3},"2":{"loc":{"start":{"line":6,"column":19},"end":{"line":7,"column":68}},"type":"cond-expr","locations":[{"start":{"line":7,"column":8},"end":{"line":7,"column":49}},{"start":{"line":7,"column":52},"end":{"line":7,"column":68}}],"line":6},"3":{"loc":{"start":{"line":8,"column":18},"end":{"line":9,"column":66}},"type":"cond-expr","locations":[{"start":{"line":9,"column":8},"end":{"line":9,"column":48}},{"start":{"line":9,"column":51},"end":{"line":9,"column":66}}],"line":8}},"s":{"0":1,"1":49,"2":49,"3":46,"4":46,"5":46,"6":46,"7":46,"8":46,"9":46,"10":46,"11":46,"12":46,"13":46,"14":46,"15":49},"f":{"0":49,"1":46},"b":{"0":[3],"1":[3],"2":[13,33],"3":[15,31]},"_coverageSchema":"1a1c01bbd47fc00a2c39e90264f33305004495a9","hash":"4291f152d6b8c69c539b068776240969c5741ea4"}
,"/mnt/c/Users/Montoya/Desktop/frontend-project-lvl2/src/formatters/index.js": {"path":"/mnt/c/Users/Montoya/Desktop/frontend-project-lvl2/src/formatters/index.js","statementMap":{"0":{"start":{"line":5,"column":19},"end":{"line":9,"column":1}},"1":{"start":{"line":11,"column":25},"end":{"line":11,"column":77}},"2":{"start":{"line":11,"column":44},"end":{"line":11,"column":77}}},"fnMap":{"0":{"name":"(anonymous_0)","decl":{"start":{"line":11,"column":25},"end":{"line":11,"column":26}},"loc":{"start":{"line":11,"column":44},"end":{"line":11,"column":77}},"line":11}},"branchMap":{"0":{"loc":{"start":{"line":11,"column":44},"end":{"line":11,"column":77}},"type":"binary-expr","locations":[{"start":{"line":11,"column":44},"end":{"line":11,"column":69}},{"start":{"line":11,"column":73},"end":{"line":11,"column":77}}],"line":11}},"s":{"0":1,"1":1,"2":9},"f":{"0":9},"b":{"0":[9,0]},"_coverageSchema":"1a1c01bbd47fc00a2c39e90264f33305004495a9","hash":"82519792e32b5fc70104e3f4cf5116fd6cb9614a"}
,"/mnt/c/Users/Montoya/Desktop/frontend-project-lvl2/src/formatters/json.js": {"path":"/mnt/c/Users/Montoya/Desktop/frontend-project-lvl2/src/formatters/json.js","statementMap":{"0":{"start":{"line":1,"column":15},"end":{"line":1,"column":53}},"1":{"start":{"line":1,"column":24},"end":{"line":1,"column":53}}},"fnMap":{"0":{"name":"(anonymous_0)","decl":{"start":{"line":1,"column":15},"end":{"line":1,"column":16}},"loc":{"start":{"line":1,"column":24},"end":{"line":1,"column":53}},"line":1}},"branchMap":{},"s":{"0":1,"1":3},"f":{"0":3},"b":{},"_coverageSchema":"1a1c01bbd47fc00a2c39e90264f33305004495a9","hash":"92680ba42cdb025954aa279a0ce73659be0172fb"}
,"/mnt/c/Users/Montoya/Desktop/frontend-project-lvl2/src/formatters/plain.js": {"path":"/mnt/c/Users/Montoya/Desktop/frontend-project-lvl2/src/formatters/plain.js","statementMap":{"0":{"start":{"line":1,"column":15},"end":{"line":45,"column":1}},"1":{"start":{"line":2,"column":18},"end":{"line":42,"column":3}},"2":{"start":{"line":3,"column":17},"end":{"line":3,"column":86}},"3":{"start":{"line":5,"column":24},"end":{"line":18,"column":5}},"4":{"start":{"line":7,"column":19},"end":{"line":7,"column":36}},"5":{"start":{"line":8,"column":26},"end":{"line":8,"column":49}},"6":{"start":{"line":11,"column":24},"end":{"line":11,"column":36}},"7":{"start":{"line":12,"column":26},"end":{"line":12,"column":51}},"8":{"start":{"line":15,"column":24},"end":{"line":15,"column":29}},"9":{"start":{"line":16,"column":21},"end":{"line":16,"column":25}},"10":{"start":{"line":20,"column":23},"end":{"line":23,"column":5}},"11":{"start":{"line":21,"column":21},"end":{"line":21,"column":76}},"12":{"start":{"line":21,"column":53},"end":{"line":21,"column":75}},"13":{"start":{"line":22,"column":6},"end":{"line":22,"column":41}},"14":{"start":{"line":25,"column":19},"end":{"line":25,"column":44}},"15":{"start":{"line":26,"column":18},"end":{"line":26,"column":42}},"16":{"start":{"line":28,"column":18},"end":{"line":28,"column":35}},"17":{"start":{"line":29,"column":22},"end":{"line":29,"column":46}},"18":{"start":{"line":30,"column":23},"end":{"line":30,"column":77}},"19":{"start":{"line":32,"column":22},"end":{"line":39,"column":5}},"20":{"start":{"line":41,"column":4},"end":{"line":41,"column":39}},"21":{"start":{"line":43,"column":22},"end":{"line":43,"column":50}},"22":{"start":{"line":44,"column":2},"end":{"line":44,"column":21}}},"fnMap":{"0":{"name":"(anonymous_0)","decl":{"start":{"line":1,"column":15},"end":{"line":1,"column":16}},"loc":{"start":{"line":1,"column":42},"end":{"line":45,"column":1}},"line":1},"1":{"name":"(anonymous_1)","decl":{"start":{"line":2,"column":18},"end":{"line":2,"column":19}},"loc":{"start":{"line":2,"column":33},"end":{"line":42,"column":3}},"line":2},"2":{"name":"(anonymous_2)","decl":{"start":{"line":7,"column":13},"end":{"line":7,"column":14}},"loc":{"start":{"line":7,"column":19},"end":{"line":7,"column":36}},"line":7},"3":{"name":"(anonymous_3)","decl":{"start":{"line":8,"column":15},"end":{"line":8,"column":16}},"loc":{"start":{"line":8,"column":26},"end":{"line":8,"column":49}},"line":8},"4":{"name":"(anonymous_4)","decl":{"start":{"line":11,"column":13},"end":{"line":11,"column":14}},"loc":{"start":{"line":11,"column":24},"end":{"line":11,"column":36}},"line":11},"5":{"name":"(anonymous_5)","decl":{"start":{"line":12,"column":15},"end":{"line":12,"column":16}},"loc":{"start":{"line":12,"column":26},"end":{"line":12,"column":51}},"line":12},"6":{"name":"(anonymous_6)","decl":{"start":{"line":15,"column":13},"end":{"line":15,"column":14}},"loc":{"start":{"line":15,"column":24},"end":{"line":15,"column":29}},"line":15},"7":{"name":"(anonymous_7)","decl":{"start":{"line":16,"column":15},"end":{"line":16,"column":16}},"loc":{"start":{"line":16,"column":21},"end":{"line":16,"column":25}},"line":16},"8":{"name":"(anonymous_8)","decl":{"start":{"line":20,"column":23},"end":{"line":20,"column":24}},"loc":{"start":{"line":20,"column":38},"end":{"line":23,"column":5}},"line":20},"9":{"name":"(anonymous_9)","decl":{"start":{"line":21,"column":38},"end":{"line":21,"column":39}},"loc":{"start":{"line":21,"column":53},"end":{"line":21,"column":75}},"line":21}},"branchMap":{"0":{"loc":{"start":{"line":1,"column":21},"end":{"line":1,"column":37}},"type":"default-arg","locations":[{"start":{"line":1,"column":35},"end":{"line":1,"column":37}}],"line":1},"1":{"loc":{"start":{"line":3,"column":17},"end":{"line":3,"column":86}},"type":"cond-expr","locations":[{"start":{"line":3,"column":40},"end":{"line":3,"column":54}},{"start":{"line":3,"column":57},"end":{"line":3,"column":86}}],"line":3}},"s":{"0":1,"1":49,"2":46,"3":46,"4":28,"5":92,"6":56,"7":64,"8":8,"9":8,"10":46,"11":92,"12":164,"13":92,"14":46,"15":46,"16":46,"17":46,"18":46,"19":46,"20":46,"21":49,"22":49},"f":{"0":49,"1":46,"2":28,"3":92,"4":56,"5":64,"6":8,"7":8,"8":92,"9":164},"b":{"0":[3],"1":[12,34]},"_coverageSchema":"1a1c01bbd47fc00a2c39e90264f33305004495a9","hash":"5e1b56877188e24256977ddc5abe01e15413f918"}
}
