TN:
SF:src/index.js
FN:6,(anonymous_0)
FN:13,(anonymous_1)
FN:23,(anonymous_2)
FN:27,(anonymous_3)
FN:31,(anonymous_4)
FN:35,(anonymous_5)
FN:39,(anonymous_6)
FN:43,(anonymous_7)
FN:47,(anonymous_8)
FN:48,(anonymous_9)
FN:67,(anonymous_10)
FN:72,(anonymous_11)
FNF:12
FNH:12
FNDA:33,(anonymous_0)
FNDA:138,(anonymous_1)
FNDA:138,(anonymous_2)
FNDA:120,(anonymous_3)
FNDA:78,(anonymous_4)
FNDA:54,(anonymous_5)
FNDA:42,(anonymous_6)
FNDA:15,(anonymous_7)
FNDA:138,(anonymous_8)
FNDA:447,(anonymous_9)
FNDA:18,(anonymous_10)
FNDA:9,(anonymous_11)
DA:6,1
DA:7,33
DA:8,33
DA:9,33
DA:10,33
DA:11,33
DA:13,33
DA:14,138
DA:15,138
DA:16,138
DA:17,138
DA:18,138
DA:20,138
DA:23,138
DA:27,120
DA:31,78
DA:35,54
DA:39,42
DA:43,15
DA:47,138
DA:48,447
DA:49,138
DA:52,138
DA:54,138
DA:61,138
DA:64,33
DA:67,1
DA:68,18
DA:69,18
DA:72,1
DA:73,9
DA:74,9
DA:75,9
DA:76,9
DA:77,9
LF:35
LH:35
BRDA:14,0,0,96
BRDA:14,0,1,42
BRDA:15,1,0,120
BRDA:15,1,1,18
BRDA:18,2,0,24
BRDA:18,2,1,114
BRDA:18,3,0,138
BRDA:18,3,1,39
BRDA:31,4,0,78
BRDA:31,4,1,30
BRDA:35,5,0,54
BRDA:35,5,1,48
BRDA:72,6,0,3
BRF:13
BRH:13
end_of_record
TN:
SF:src/parsers.js
FN:11,(anonymous_0)
FNF:1
FNH:1
FNDA:18,(anonymous_0)
DA:5,1
DA:11,1
DA:12,18
DA:13,18
DA:14,18
LF:5
LH:5
BRDA:14,0,0,18
BRDA:14,0,1,0
BRF:2
BRH:1
end_of_record
TN:
SF:src/utils.js
FN:1,(anonymous_0)
FN:4,(anonymous_1)
FNF:2
FNH:2
FNDA:28,(anonymous_0)
FNDA:66,(anonymous_1)
DA:1,1
DA:2,28
DA:3,28
DA:4,28
DA:5,66
DA:6,66
DA:8,28
DA:9,28
LF:8
LH:8
BRDA:1,0,0,0
BRF:1
BRH:0
end_of_record
TN:
SF:src/formatters/branch.js
FN:3,(anonymous_0)
FN:5,(anonymous_1)
FNF:2
FNH:2
FNDA:49,(anonymous_0)
FNDA:46,(anonymous_1)
DA:3,1
DA:4,49
DA:5,49
DA:6,46
DA:8,46
DA:10,46
DA:11,46
DA:12,46
DA:13,46
DA:14,46
DA:15,46
DA:23,46
DA:31,46
DA:32,46
DA:33,46
DA:35,49
LF:16
LH:16
BRDA:3,0,0,3
BRDA:3,1,0,3
BRDA:6,2,0,13
BRDA:6,2,1,33
BRDA:8,3,0,15
BRDA:8,3,1,31
BRF:6
BRH:6
end_of_record
TN:
SF:src/formatters/index.js
FN:11,(anonymous_0)
FNF:1
FNH:1
FNDA:9,(anonymous_0)
DA:5,1
DA:11,9
LF:2
LH:2
BRDA:11,0,0,9
BRDA:11,0,1,0
BRF:2
BRH:1
end_of_record
TN:
SF:src/formatters/json.js
FN:1,(anonymous_0)
FNF:1
FNH:1
FNDA:3,(anonymous_0)
DA:1,3
LF:1
LH:1
BRF:0
BRH:0
end_of_record
TN:
SF:src/formatters/plain.js
FN:1,(anonymous_0)
FN:2,(anonymous_1)
FN:7,(anonymous_2)
FN:8,(anonymous_3)
FN:11,(anonymous_4)
FN:12,(anonymous_5)
FN:15,(anonymous_6)
FN:16,(anonymous_7)
FN:20,(anonymous_8)
FN:21,(anonymous_9)
FNF:10
FNH:10
FNDA:49,(anonymous_0)
FNDA:46,(anonymous_1)
FNDA:28,(anonymous_2)
FNDA:92,(anonymous_3)
FNDA:56,(anonymous_4)
FNDA:64,(anonymous_5)
FNDA:8,(anonymous_6)
FNDA:8,(anonymous_7)
FNDA:92,(anonymous_8)
FNDA:164,(anonymous_9)
DA:1,1
DA:2,49
DA:3,46
DA:5,46
DA:7,28
DA:8,92
DA:11,56
DA:12,64
DA:15,8
DA:16,8
DA:20,46
DA:21,164
DA:22,92
DA:25,46
DA:26,46
DA:28,46
DA:29,46
DA:30,46
DA:32,46
DA:41,46
DA:43,49
DA:44,49
LF:22
LH:22
BRDA:1,0,0,3
BRDA:3,1,0,12
BRDA:3,1,1,34
BRF:3
BRH:3
end_of_record
